<?xml version='1.0' encoding='UTF-8'?>
<testsuite hostname="DESKTOP-EOG0K0L" name="edu.neu.coe.csye7200.asstfc.MovieSpec" tests="16" errors="0" failures="1" skipped="0" time="0.36" timestamp="2024-03-10T20:23:44">
          <properties>
      <property name="java.specification.version" value="17"/><property name="sun.cpu.isalist" value="amd64"/><property name="sun.jnu.encoding" value="GBK"/><property name="sun.arch.data.model" value="64"/><property name="java.vendor.url" value="https://java.oracle.com/"/><property name="sun.boot.library.path" value="C:\Program Files\Java\jdk-17\bin"/><property name="sun.java.command" value="xsbt.boot.Boot test run"/><property name="jdk.debug" value="release"/><property name="sun.stderr.encoding" value="ms936"/><property name="java.specification.vendor" value="Oracle Corporation"/><property name="java.version.date" value="2024-01-16"/><property name="java.home" value="C:\Program Files\Java\jdk-17"/><property name="file.separator" value="\"/><property name="java.vm.compressedOopsMode" value="32-bit"/><property name="line.separator" value="
"/><property name="sun.stdout.encoding" value="ms936"/><property name="java.vm.specification.vendor" value="Oracle Corporation"/><property name="java.specification.name" value="Java Platform API Specification"/><property name="user.script" value=""/><property name="sun.management.compiler" value="HotSpot 64-Bit Tiered Compilers"/><property name="java.runtime.version" value="17.0.10+11-LTS-240"/><property name="user.name" value="janfa"/><property name="log4j.ignoreTCL" value="true"/><property name="file.encoding" value="UTF-8"/><property name="jnidispatch.path" value="C:\Users\janfa\AppData\Local\Temp\jna-100891922\jna5681380503729406268.dll"/><property name="jna.loaded" value="true"/><property name="java.io.tmpdir" value="C:\Users\janfa\AppData\Local\Temp\"/><property name="java.version" value="17.0.10"/><property name="java.vm.specification.name" value="Java Virtual Machine Specification"/><property name="sun.os.patch.level" value=""/><property name="native.encoding" value="GBK"/><property name="java.library.path" value="C:\Program Files\Java\jdk-17\bin;C:\Windows\Sun\Java\bin;C:\Windows\system32;C:\Windows;C:\Program Files\Java\jdk-17\bin;C:\Program Files (x86)\Common Files\Intel\Shared Libraries\redist\intel64\compiler;C:\Windows\system32;C:\Program Files\Java\jdk-17\bin;C:\Program Files (x86)\Common Files\Intel\Shared Libraries\redist\intel64_win\compiler;C:\Windows;C:\Windows\System32\Wbem;C:\Windows\System32\WindowsPowerShell\v1.0\;C:\Windows\System32\OpenSSH\;C:\Program Files\Microsoft SQL Server\130\Tools\Binn\;C:\Program Files\Common Files\Autodesk Shared\;C:\Program Files\Microsoft SQL Server\120\Tools\Binn\;C:\Program Files\nodejs\;C:\Program Files (x86)\Yarn\bin\;C:\sqlite3;C:\Program Files\NVIDIA Corporation\NVIDIA NvDLISR;C:\Program Files (x86)\NVIDIA Corporation\PhysX\Common;C:\Program Files\Git LFS;C:\Program Files\dotnet\;C:\Program Files\Git\cmd;C:\dev\flutter_windows_3.13.5-stable\flutter\bin;C:\dart\dart-sdk\bin;C:\Program Files (x86)\scala\bin;C:\Program Files (x86)\sbt\bin;C:\Users\janfa\AppData\Local\Coursier\data\bin;%HADOOP%\bin;C:\Ruby27-x64\bin;C:\RailsInstaller\Git\cmd;C:\RailsInstaller\Ruby2.3.3\bin;C:\Program Files\MySQL\MySQL Shell 8.0\bin\;C:\Users\janfa\AppData\Local\Programs\Python\Python38-32\Scripts\;C:\Users\janfa\AppData\Local\Programs\Python\Python38-32\;C:\Users\janfa\AppData\Local\Microsoft\WindowsApps;C:\MinGW\bin;C:\Users\janfa\AppData\Local\Programs\Microsoft VS Code\bin;C:\Users\janfa\AppData\Roaming\npm;C:\Users\janfa\AppData\Local\Yarn\bin;C:\Users\janfa\AppData\Local\Programs\MiKTeX\miktex\bin\x64\;C:\Users\janfa\AppData\Local\GitHubDesktop\bin;C:\Program Files\JetBrains\IntelliJ IDEA 2023.3.2\bin;C:\Users\janfa\AppData\Local\Coursier\data\bin;C:\hadoop\bin;C:\Program Files\spark-3.5\spark-3.5.0-bin-hadoop3\bin;;."/><property name="java.vendor" value="Oracle Corporation"/><property name="scala.ext.dirs" value="C:\Users\janfa\.sbt\1.0\java9-rt-ext-oracle_corporation_17_0_10"/><property name="sun.io.unicode.encoding" value="UnicodeLittle"/><property name="java.class.path" value="C:\Program Files (x86)\sbt\\bin\sbt-launch.jar"/><property name="java.vm.vendor" value="Oracle Corporation"/><property name="user.variant" value=""/><property name="jline.shutdownhook" value="false"/><property name="user.timezone" value="America/New_York"/><property name="java.vm.specification.version" value="17"/><property name="os.name" value="Windows 10"/><property name="sun.java.launcher" value="SUN_STANDARD"/><property name="user.country" value="CN"/><property name="sun.cpu.endian" value="little"/><property name="user.home" value="C:\Users\janfa"/><property name="user.language" value="zh"/><property name="sbt.ipcsocket.tmpdir" value="C:\Users\janfa\AppData\Local\Temp\.sbt1d965b5d\ipcsocket"/><property name="swoval.tmpdir" value="C:\Users\janfa\AppData\Local\Temp\.sbt1d965b5d\swoval"/><property name="jline.esc.timeout" value="0"/><property name="path.separator" value=";"/><property name="os.version" value="10.0"/><property name="jna.nosys" value="true"/><property name="java.runtime.name" value="Java(TM) SE Runtime Environment"/><property name="java.vm.name" value="Java HotSpot(TM) 64-Bit Server VM"/><property name="java.vendor.url.bug" value="https://bugreport.java.com/bugreport/"/><property name="user.dir" value="C:\CSYE7200\CSYE7200-HW5\assignment-functional-composition"/><property name="os.arch" value="amd64"/><property name="java.vm.info" value="mixed mode, sharing"/><property name="java.vm.version" value="17.0.10+11-LTS-240"/><property name="java.class.version" value="61.0"/>
    </properties>
          <testcase classname="edu.neu.coe.csye7200.asstfc.MovieSpec" name="Name should work for String" time="0.023">
                      
                    </testcase><testcase classname="edu.neu.coe.csye7200.asstfc.MovieSpec" name="Name should work for Name" time="0.001">
                      
                    </testcase><testcase classname="edu.neu.coe.csye7200.asstfc.MovieSpec" name="Principal should work for List[String]" time="0.004">
                      
                    </testcase><testcase classname="edu.neu.coe.csye7200.asstfc.MovieSpec" name="Rating should work for String, Int" time="0.001">
                      
                    </testcase><testcase classname="edu.neu.coe.csye7200.asstfc.MovieSpec" name="Rating should work for PG-13" time="0.001">
                      
                    </testcase><testcase classname="edu.neu.coe.csye7200.asstfc.MovieSpec" name="Rating should work for R" time="0.001">
                      
                    </testcase><testcase classname="edu.neu.coe.csye7200.asstfc.MovieSpec" name="Rating should work for PG-0-" time="0.001">
                      
                    </testcase><testcase classname="edu.neu.coe.csye7200.asstfc.MovieSpec" name="Rating should work for PG-XX" time="0.001">
                      
                    </testcase><testcase classname="edu.neu.coe.csye7200.asstfc.MovieSpec" name="Format should work for Boolean, String, Double, Int" time="0.002">
                      
                    </testcase><testcase classname="edu.neu.coe.csye7200.asstfc.MovieSpec" name="Format should work for List[String]" time="0.004">
                      
                    </testcase><testcase classname="edu.neu.coe.csye7200.asstfc.MovieSpec" name="Production should work for String, Int" time="0.001">
                      
                    </testcase><testcase classname="edu.neu.coe.csye7200.asstfc.MovieSpec" name="Production should work for List[String]" time="0.003">
                      
                    </testcase><testcase classname="edu.neu.coe.csye7200.asstfc.MovieSpec" name="Production should define isKiwi properly" time="0.0">
                      
                    </testcase><testcase classname="edu.neu.coe.csye7200.asstfc.MovieSpec" name="Reviews should work for List[String]" time="0.002">
                      
                    </testcase><testcase classname="edu.neu.coe.csye7200.asstfc.MovieSpec" name="Movie.getMoviesFromCountry should work for the sample file" time="0.161">
                      
                    </testcase><testcase classname="edu.neu.coe.csye7200.asstfc.MovieSpec" name="Movie.testSerializationAndDeserialization should work for the sample file" time="0.154">
                      <failure message="problem" type="org.scalatest.exceptions.TestFailedException">org.scalatest.exceptions.TestFailedException: problem
	at org.scalatest.Assertions.newAssertionFailedException(Assertions.scala:472)
	at org.scalatest.Assertions.newAssertionFailedException$(Assertions.scala:471)
	at org.scalatest.flatspec.AnyFlatSpec.newAssertionFailedException(AnyFlatSpec.scala:1685)
	at org.scalatest.Assertions.fail(Assertions.scala:949)
	at org.scalatest.Assertions.fail$(Assertions.scala:945)
	at org.scalatest.flatspec.AnyFlatSpec.fail(AnyFlatSpec.scala:1685)
	at edu.neu.coe.csye7200.asstfc.MovieSpec.$anonfun$new$16(MovieSpec.scala:154)
	at scala.runtime.java8.JFunction0$mcV$sp.apply(JFunction0$mcV$sp.scala:18)
	at org.scalatest.OutcomeOf.outcomeOf(OutcomeOf.scala:85)
	at org.scalatest.OutcomeOf.outcomeOf$(OutcomeOf.scala:83)
	at org.scalatest.OutcomeOf$.outcomeOf(OutcomeOf.scala:104)
	at org.scalatest.Transformer.apply(Transformer.scala:22)
	at org.scalatest.Transformer.apply(Transformer.scala:20)
	at org.scalatest.flatspec.AnyFlatSpecLike$$anon$5.apply(AnyFlatSpecLike.scala:1683)
	at org.scalatest.TestSuite.withFixture(TestSuite.scala:196)
	at org.scalatest.TestSuite.withFixture$(TestSuite.scala:195)
	at org.scalatest.flatspec.AnyFlatSpec.withFixture(AnyFlatSpec.scala:1685)
	at org.scalatest.flatspec.AnyFlatSpecLike.invokeWithFixture$1(AnyFlatSpecLike.scala:1681)
	at org.scalatest.flatspec.AnyFlatSpecLike.$anonfun$runTest$1(AnyFlatSpecLike.scala:1693)
	at org.scalatest.SuperEngine.runTestImpl(Engine.scala:306)
	at org.scalatest.flatspec.AnyFlatSpecLike.runTest(AnyFlatSpecLike.scala:1693)
	at org.scalatest.flatspec.AnyFlatSpecLike.runTest$(AnyFlatSpecLike.scala:1675)
	at org.scalatest.flatspec.AnyFlatSpec.runTest(AnyFlatSpec.scala:1685)
	at org.scalatest.flatspec.AnyFlatSpecLike.$anonfun$runTests$1(AnyFlatSpecLike.scala:1751)
	at org.scalatest.SuperEngine.$anonfun$runTestsInBranch$1(Engine.scala:413)
	at scala.collection.immutable.List.foreach(List.scala:333)
	at org.scalatest.SuperEngine.traverseSubNodes$1(Engine.scala:401)
	at org.scalatest.SuperEngine.runTestsInBranch(Engine.scala:390)
	at org.scalatest.SuperEngine.$anonfun$runTestsInBranch$1(Engine.scala:427)
	at scala.collection.immutable.List.foreach(List.scala:333)
	at org.scalatest.SuperEngine.traverseSubNodes$1(Engine.scala:401)
	at org.scalatest.SuperEngine.runTestsInBranch(Engine.scala:396)
	at org.scalatest.SuperEngine.runTestsImpl(Engine.scala:475)
	at org.scalatest.flatspec.AnyFlatSpecLike.runTests(AnyFlatSpecLike.scala:1751)
	at org.scalatest.flatspec.AnyFlatSpecLike.runTests$(AnyFlatSpecLike.scala:1750)
	at org.scalatest.flatspec.AnyFlatSpec.runTests(AnyFlatSpec.scala:1685)
	at org.scalatest.Suite.run(Suite.scala:1112)
	at org.scalatest.Suite.run$(Suite.scala:1094)
	at org.scalatest.flatspec.AnyFlatSpec.org$scalatest$flatspec$AnyFlatSpecLike$$super$run(AnyFlatSpec.scala:1685)
	at org.scalatest.flatspec.AnyFlatSpecLike.$anonfun$run$1(AnyFlatSpecLike.scala:1796)
	at org.scalatest.SuperEngine.runImpl(Engine.scala:535)
	at org.scalatest.flatspec.AnyFlatSpecLike.run(AnyFlatSpecLike.scala:1796)
	at org.scalatest.flatspec.AnyFlatSpecLike.run$(AnyFlatSpecLike.scala:1794)
	at org.scalatest.flatspec.AnyFlatSpec.run(AnyFlatSpec.scala:1685)
	at org.scalatest.tools.Framework.org$scalatest$tools$Framework$$runSuite(Framework.scala:318)
	at org.scalatest.tools.Framework$ScalaTestTask.execute(Framework.scala:513)
	at sbt.TestRunner.runTest$1(TestFramework.scala:153)
	at sbt.TestRunner.run(TestFramework.scala:168)
	at sbt.TestFramework$$anon$3$$anonfun$$lessinit$greater$1.$anonfun$apply$1(TestFramework.scala:336)
	at sbt.TestFramework$.sbt$TestFramework$$withContextLoader(TestFramework.scala:296)
	at sbt.TestFramework$$anon$3$$anonfun$$lessinit$greater$1.apply(TestFramework.scala:336)
	at sbt.TestFramework$$anon$3$$anonfun$$lessinit$greater$1.apply(TestFramework.scala:336)
	at sbt.TestFunction.apply(TestFramework.scala:348)
	at sbt.Tests$.$anonfun$toTask$1(Tests.scala:436)
	at sbt.std.Transform$$anon$3.$anonfun$apply$2(Transform.scala:47)
	at sbt.std.Transform$$anon$4.work(Transform.scala:69)
	at sbt.Execute.$anonfun$submit$2(Execute.scala:283)
	at sbt.internal.util.ErrorHandling$.wideConvert(ErrorHandling.scala:24)
	at sbt.Execute.work(Execute.scala:292)
	at sbt.Execute.$anonfun$submit$1(Execute.scala:283)
	at sbt.ConcurrentRestrictions$$anon$4.$anonfun$submitValid$1(ConcurrentRestrictions.scala:265)
	at sbt.CompletionService$$anon$2.call(CompletionService.scala:65)
	at java.base/java.util.concurrent.FutureTask.run(FutureTask.java:264)
	at java.base/java.util.concurrent.Executors$RunnableAdapter.call(Executors.java:539)
	at java.base/java.util.concurrent.FutureTask.run(FutureTask.java:264)
	at java.base/java.util.concurrent.ThreadPoolExecutor.runWorker(ThreadPoolExecutor.java:1136)
	at java.base/java.util.concurrent.ThreadPoolExecutor$Worker.run(ThreadPoolExecutor.java:635)
	at java.base/java.lang.Thread.run(Thread.java:842)
Caused by: java.lang.NullPointerException: Cannot invoke &quot;spray.json.JsonWriter.write(Object)&quot; because &quot;writer&quot; is null
	at spray.json.ProductFormats.productElement2Field(ProductFormats.scala:47)
	at spray.json.ProductFormats.productElement2Field$(ProductFormats.scala:42)
	at edu.neu.coe.csye7200.asstfc.Movie$MoviesProtocol$.productElement2Field(Movie.scala:102)
	at spray.json.ProductFormatsInstances$$anon$7.write(ProductFormatsInstances.scala:185)
	at spray.json.ProductFormatsInstances$$anon$7.write(ProductFormatsInstances.scala:179)
	at spray.json.ProductFormats.productElement2Field(ProductFormats.scala:47)
	at spray.json.ProductFormats.productElement2Field$(ProductFormats.scala:42)
	at edu.neu.coe.csye7200.asstfc.Movie$MoviesProtocol$.productElement2Field(Movie.scala:102)
	at spray.json.ProductFormatsInstances$$anon$11.write(ProductFormatsInstances.scala:325)
	at spray.json.ProductFormatsInstances$$anon$11.write(ProductFormatsInstances.scala:319)
	at spray.json.RichAny.toJson(package.scala:44)
	at spray.json.CollectionFormats$$anon$4.$anonfun$write$4(CollectionFormats.scala:89)
	at scala.collection.Iterator$$anon$9.next(Iterator.scala:575)
	at scala.collection.mutable.Growable.addAll(Growable.scala:65)
	at scala.collection.mutable.Growable.addAll$(Growable.scala:60)
	at scala.collection.immutable.VectorBuilder.addAll(Vector.scala:1565)
	at scala.collection.immutable.Vector$.from(Vector.scala:1349)
	at scala.collection.IterableOnceOps.toVector(IterableOnce.scala:1253)
	at scala.collection.IterableOnceOps.toVector$(IterableOnce.scala:1253)
	at scala.collection.AbstractIterator.toVector(Iterator.scala:1279)
	at spray.json.CollectionFormats$$anon$4.write(CollectionFormats.scala:89)
	at spray.json.CollectionFormats$$anon$4.write(CollectionFormats.scala:88)
	at spray.json.RichAny.toJson(package.scala:44)
	at edu.neu.coe.csye7200.asstfc.Movie$.testSerializationAndDeserialization(Movie.scala:139)
	at edu.neu.coe.csye7200.asstfc.MovieSpec.$anonfun$new$17(MovieSpec.scala:151)
	at edu.neu.coe.csye7200.asstfc.MovieSpec.$anonfun$new$17$adapted(MovieSpec.scala:151)
	at scala.util.Success.map(Try.scala:262)
	at edu.neu.coe.csye7200.asstfc.MovieSpec.$anonfun$new$16(MovieSpec.scala:151)
	... 61 more
</failure>
                    </testcase>
          <system-out><![CDATA[]]></system-out>
          <system-err><![CDATA[]]></system-err>
        </testsuite>