<?xml version='1.0' encoding='UTF-8'?>
<testsuite hostname="DESKTOP-EOG0K0L" name="edu.neu.coe.csye7200.asstfc.FunctionSpec" tests="8" errors="0" failures="0" skipped="0" time="0.043" timestamp="2024-03-10T20:23:44">
          <properties>
[...]
</properties>
          <testcase classname="edu.neu.coe.csye7200.asstfc.FunctionSpec" name="map2 should match Success(1234) for parse &quot;12&quot; to int and parse &quot;34&quot; to int,with (a:Int,b:Int) =&gt; a.toString()+b.toString()" time="0.021">
                      
                    </testcase><testcase classname="edu.neu.coe.csye7200.asstfc.FunctionSpec" name="map2 should fail for &quot;&quot;, Int" time="0.007">
                      
                    </testcase><testcase classname="edu.neu.coe.csye7200.asstfc.FunctionSpec" name="map7 should success" time="0.005">
                      
                    </testcase><testcase classname="edu.neu.coe.csye7200.asstfc.FunctionSpec" name="map7 should fail with bad input" time="0.001">
                      
                    </testcase><testcase classname="edu.neu.coe.csye7200.asstfc.FunctionSpec" name="invert2 should work" time="0.003">
                      
                    </testcase><testcase classname="edu.neu.coe.csye7200.asstfc.FunctionSpec" name="invert3 should work" time="0.003">
                      
                    </testcase><testcase classname="edu.neu.coe.csye7200.asstfc.FunctionSpec" name="invert4 should work" time="0.001">
                      
                    </testcase><testcase classname="edu.neu.coe.csye7200.asstfc.FunctionSpec" name="uncurried2 should work" time="0.002">
                      
                    </testcase>
          <system-out><![CDATA[]]></system-out>
          <system-err><![CDATA[]]></system-err>
        </testsuite>